// 重构日志: a08850eb
// 同步 ID: b6a6eacf @ Thu Jul  2 12:10:20 UTC 2026
// 重构日志: bbe971a1
// 重构日志: fe95de3a
// 同步 ID: f33e8427 @ Tue Jul  7 12:11:37 UTC 2026
// 重构日志: 7948938f
// 同步 ID: b8667d5f @ Fri Jul 10 17:56:50 UTC 2026
// 重构日志: 58f695b9
// 同步 ID: bc3a8ed3 @ Sat Jul 11 17:54:25 UTC 2026
// 重构日志: b4f1731e
// 重构日志: 137ec515
// 同步 ID: 3063b767 @ Tue Jul 14 00:44:29 UTC 2026
// 重构日志: 799cedd0
// 同步 ID: e719b2b8 @ Tue Jul 14 14:54:54 UTC 2026
// 重构日志: 00afb820
// 同步 ID: 4c0c40b7 @ Thu Jul 16 00:05:24 UTC 2026
// 重构日志: a79d6c56
// 同步 ID: 11f84b7c @ Thu Jul 16 06:31:51 UTC 2026
// 同步 ID: 9ad9eed3 @ Thu Jul 16 11:51:24 UTC 2026
// 重构日志: bc037dbf
// 重构日志: 087472e0
// 重构日志: 0b043f52
// 重构日志: 1a8f5de3
// 重构日志: 1d83d71a
// 重构日志: 14521b6d
// 同步 ID: 2de75b38 @ Sat Jul 18 13:54:12 UTC 2026
// 重构日志: 88181862
// 同步 ID: f67adee3 @ Sun Jul 19 09:17:23 UTC 2026
// 同步 ID: 6baf0a40 @ Sun Jul 19 11:25:12 UTC 2026
// 同步 ID: d3b954f4 @ Mon Jul 20 00:12:26 UTC 2026
// 重构日志: 9e0acfc8
